0 info it worked if it ends with ok
1 verbose cli [ '/usr/bin/nodejs', '/usr/bin/npm', 'install', '-g', 'npm' ]
2 info using npm@1.3.10
3 info using node@v0.10.25
4 verbose cache add [ 'npm', null ]
5 verbose cache add name=undefined spec="npm" args=["npm",null]
6 verbose parsed url { protocol: null,
6 verbose parsed url   slashes: null,
6 verbose parsed url   auth: null,
6 verbose parsed url   host: null,
6 verbose parsed url   port: null,
6 verbose parsed url   hostname: null,
6 verbose parsed url   hash: null,
6 verbose parsed url   search: null,
6 verbose parsed url   query: null,
6 verbose parsed url   pathname: 'npm',
6 verbose parsed url   path: 'npm',
6 verbose parsed url   href: 'npm' }
7 silly lockFile 660051d1-npm npm
8 verbose lock npm /home/ammorteza/.npm/660051d1-npm.lock
9 silly lockFile 660051d1-npm npm
10 silly lockFile 660051d1-npm npm
11 verbose addNamed [ 'npm', '' ]
12 verbose addNamed [ null, '*' ]
13 silly lockFile 2f990b75-npm npm@
14 verbose lock npm@ /home/ammorteza/.npm/2f990b75-npm.lock
15 silly addNameRange { name: 'npm', range: '*', hasData: false }
16 verbose url raw npm
17 verbose url resolving [ 'https://registry.npmjs.org/', './npm' ]
18 verbose url resolved https://registry.npmjs.org/npm
19 info trying registry request attempt 1 at 21:12:54
20 http GET https://registry.npmjs.org/npm
21 http 200 https://registry.npmjs.org/npm
22 silly registry.get cb [ 200,
22 silly registry.get   { server: 'nginx/1.10.1',
22 silly registry.get     'content-type': 'application/json',
22 silly registry.get     'last-modified': 'Fri, 15 Sep 2017 00:56:42 GMT',
22 silly registry.get     etag: '"59bb254a-677617"',
22 silly registry.get     'cache-control': 'max-age=300',
22 silly registry.get     'content-length': '6780439',
22 silly registry.get     'accept-ranges': 'bytes',
22 silly registry.get     date: 'Mon, 18 Sep 2017 16:42:26 GMT',
22 silly registry.get     via: '1.1 varnish',
22 silly registry.get     connection: 'keep-alive',
22 silly registry.get     'x-served-by': 'cache-bma7024-BMA',
22 silly registry.get     'x-cache': 'HIT',
22 silly registry.get     'x-cache-hits': '0',
22 silly registry.get     'x-timer': 'S1505752947.830297,VS0,VE23',
22 silly registry.get     vary: 'Accept-Encoding, Accept' } ]
23 silly addNameRange number 2 { name: 'npm', range: '*', hasData: true }
24 silly addNameRange versions [ 'npm',
24 silly addNameRange   [ '1.1.25',
24 silly addNameRange     '1.2.32',
24 silly addNameRange     '1.3.2',
24 silly addNameRange     '1.3.4',
24 silly addNameRange     '1.2.20',
24 silly addNameRange     '1.2.21',
24 silly addNameRange     '1.2.22',
24 silly addNameRange     '1.2.23',
24 silly addNameRange     '1.2.24',
24 silly addNameRange     '1.2.25',
24 silly addNameRange     '1.2.27',
24 silly addNameRange     '1.2.28',
24 silly addNameRange     '1.2.30',
24 silly addNameRange     '1.2.31',
24 silly addNameRange     '1.3.0',
24 silly addNameRange     '1.3.1',
24 silly addNameRange     '1.2.19',
24 silly addNameRange     '1.1.70',
24 silly addNameRange     '1.1.71',
24 silly addNameRange     '1.3.5',
24 silly addNameRange     '1.3.6',
24 silly addNameRange     '1.3.7',
24 silly addNameRange     '1.3.8',
24 silly addNameRange     '1.3.9',
24 silly addNameRange     '1.3.10',
24 silly addNameRange     '1.3.11',
24 silly addNameRange     '1.3.12',
24 silly addNameRange     '1.3.13',
24 silly addNameRange     '1.3.14',
24 silly addNameRange     '1.3.15',
24 silly addNameRange     '1.3.16',
24 silly addNameRange     '1.3.17',
24 silly addNameRange     '1.3.18',
24 silly addNameRange     '1.3.20',
24 silly addNameRange     '1.3.21',
24 silly addNameRange     '1.3.22',
24 silly addNameRange     '1.3.23',
24 silly addNameRange     '1.3.24',
24 silly addNameRange     '1.3.25',
24 silly addNameRange     '1.3.26',
24 silly addNameRange     '1.4.0',
24 silly addNameRange     '1.4.1',
24 silly addNameRange     '1.4.2',
24 silly addNameRange     '1.4.3',
24 silly addNameRange     '1.4.4',
24 silly addNameRange     '1.4.5',
24 silly addNameRange     '1.4.6',
24 silly addNameRange     '1.4.7',
24 silly addNameRange     '1.4.8',
24 silly addNameRange     '1.4.9',
24 silly addNameRange     '1.4.10',
24 silly addNameRange     '1.4.11',
24 silly addNameRange     '1.4.12',
24 silly addNameRange     '1.4.13',
24 silly addNameRange     '1.4.14',
24 silly addNameRange     '1.4.15',
24 silly addNameRange     '1.4.16',
24 silly addNameRange     '1.2.8000',
24 silly addNameRange     '1.4.17',
24 silly addNameRange     '1.4.18',
24 silly addNameRange     '1.4.19',
24 silly addNameRange     '1.5.0-alpha-0',
24 silly addNameRange     '1.5.0-alpha-1',
24 silly addNameRange     '1.4.20',
24 silly addNameRange     '1.5.0-alpha-2',
24 silly addNameRange     '1.4.21',
24 silly addNameRange     '1.5.0-alpha-3',
24 silly addNameRange     '1.5.0-alpha-4',
24 silly addNameRange     '2.0.0-alpha-5',
24 silly addNameRange     '1.4.22',
24 silly addNameRange     '1.4.23',
24 silly addNameRange     '2.0.0-alpha.6.0',
24 silly addNameRange     '1.4.24',
24 silly addNameRange     '2.0.0-alpha.6',
24 silly addNameRange     '2.0.0-alpha.7',
24 silly addNameRange     '2.0.0-beta.0',
24 silly addNameRange     '1.4.25',
24 silly addNameRange     '2.0.0-beta.1',
24 silly addNameRange     '1.4.26',
24 silly addNameRange     '2.0.0-beta.2',
24 silly addNameRange     '1.4.27',
24 silly addNameRange     '2.0.0-beta.3',
24 silly addNameRange     '1.4.28',
24 silly addNameRange     '2.0.0',
24 silly addNameRange     '2.0.1',
24 silly addNameRange     '2.0.2',
24 silly addNameRange     '2.1.0',
24 silly addNameRange     '2.1.1',
24 silly addNameRange     '2.1.2',
24 silly addNameRange     '2.1.3',
24 silly addNameRange     '2.1.4',
24 silly addNameRange     '2.1.5',
24 silly addNameRange     '2.1.6',
24 silly addNameRange     '2.1.7',
24 silly addNameRange     '2.1.8',
24 silly addNameRange     '2.1.9',
24 silly addNameRange     '2.1.10',
24 silly addNameRange     '2.1.11',
24 silly addNameRange     '2.1.12',
24 silly addNameRange     '2.1.13',
24 silly addNameRange     '2.1.14',
24 silly addNameRange     '2.1.15',
24 silly addNameRange     '2.1.16',
24 silly addNameRange     '2.1.17',
24 silly addNameRange     '2.1.18',
24 silly addNameRange     '2.2.0',
24 silly addNameRange     '2.3.0',
24 silly addNameRange     '2.4.0',
24 silly addNameRange     '2.4.1',
24 silly addNameRange     '2.5.0',
24 silly addNameRange     '2.5.1',
24 silly addNameRange     '2.6.0',
24 silly addNameRange     '2.6.1',
24 silly addNameRange     '2.7.0',
24 silly addNameRange     '2.7.1',
24 silly addNameRange     '2.7.2',
24 silly addNameRange     '2.7.3',
24 silly addNameRange     '2.7.4',
24 silly addNameRange     '2.7.5',
24 silly addNameRange     '2.7.6',
24 silly addNameRange     '2.8.0',
24 silly addNameRange     '2.8.1',
24 silly addNameRange     '2.8.2',
24 silly addNameRange     '2.8.3',
24 silly addNameRange     '2.8.4',
24 silly addNameRange     '2.9.0',
24 silly addNameRange     '2.9.1',
24 silly addNameRange     '2.10.0',
24 silly addNameRange     '2.10.1',
24 silly addNameRange     '2.11.0',
24 silly addNameRange     '2.11.1',
24 silly addNameRange     '2.11.2',
24 silly addNameRange     '2.11.3',
24 silly addNameRange     '2.12.0',
24 silly addNameRange     '3.0.0',
24 silly addNameRange     '2.12.1',
24 silly addNameRange     '2.13.0',
24 silly addNameRange     '3.1.0',
24 silly addNameRange     '2.13.1',
24 silly addNameRange     '3.1.1',
24 silly addNameRange     '3.1.2',
24 silly addNameRange     '2.13.2',
24 silly addNameRange     '3.1.3',
24 silly addNameRange     '2.13.3',
24 silly addNameRange     '3.2.0',
24 silly addNameRange     '2.13.4',
24 silly addNameRange     '3.2.1',
24 silly addNameRange     '2.13.5',
24 silly addNameRange     '3.2.2',
24 silly addNameRange     '2.14.0',
24 silly addNameRange     '3.3.0',
24 silly addNameRange     '2.14.1',
24 silly addNameRange     '2.14.2',
24 silly addNameRange     '3.3.1',
24 silly addNameRange     '2.14.3',
24 silly addNameRange     '3.3.2',
24 silly addNameRange     '2.14.4',
24 silly addNameRange     '3.3.3',
24 silly addNameRange     '2.14.5',
24 silly addNameRange     '3.3.4',
24 silly addNameRange     '2.14.6',
24 silly addNameRange     '3.3.5',
24 silly addNameRange     '3.3.6',
24 silly addNameRange     '2.14.7',
24 silly addNameRange     '2.14.8',
24 silly addNameRange     '3.3.7',
24 silly addNameRange     '3.3.8',
24 silly addNameRange     '3.3.9',
24 silly addNameRange     '3.3.10',
24 silly addNameRange     '2.14.9',
24 silly addNameRange     '3.3.11',
24 silly addNameRange     '1.4.29',
24 silly addNameRange     '3.3.12',
24 silly addNameRange     '2.14.10',
24 silly addNameRange     '3.4.0',
24 silly addNameRange     '3.4.1',
24 silly addNameRange     '2.14.11',
24 silly addNameRange     '2.14.12',
24 silly addNameRange     '3.5.0',
24 silly addNameRange     '3.5.1',
24 silly addNameRange     '2.14.13',
24 silly addNameRange     '2.14.14',
24 silly addNameRange     '3.5.2',
24 silly addNameRange     '2.14.15',
24 silly addNameRange     '3.5.3',
24 silly addNameRange     '3.5.4',
24 silly addNameRange     '3.6.0',
24 silly addNameRange     '2.14.16',
24 silly addNameRange     '2.14.17',
24 silly addNameRange     '3.7.0',
24 silly addNameRange     '3.7.1',
24 silly addNameRange     '3.7.2',
24 silly addNameRange     '2.14.18',
24 silly addNameRange     '3.7.3',
24 silly addNameRange     '2.14.19',
24 silly addNameRange     '2.14.20',
24 silly addNameRange     '3.7.4',
24 silly addNameRange     '3.7.5',
24 silly addNameRange     '2.14.21',
24 silly addNameRange     '3.8.0',
24 silly addNameRange     '2.14.22',
24 silly addNameRange     '3.8.1',
24 silly addNameRange     '3.8.2',
24 silly addNameRange     '2.15.0',
24 silly addNameRange     '2.15.1',
24 silly addNameRange     '3.8.3',
24 silly addNameRange     '2.15.2',
24 silly addNameRange     '3.8.4',
24 silly addNameRange     '3.8.5',
24 silly addNameRange     '3.8.6',
24 silly addNameRange     '2.15.3',
24 silly addNameRange     '3.8.7',
24 silly addNameRange     '2.15.4',
24 silly addNameRange     '3.8.8',
24 silly addNameRange     '3.8.9',
24 silly addNameRange     '2.15.5',
24 silly addNameRange     '3.9.0',
24 silly addNameRange     '3.9.1',
24 silly addNameRange     '2.15.6',
24 silly addNameRange     '3.9.2',
24 silly addNameRange     '3.9.3',
24 silly addNameRange     '3.9.4',
24 silly addNameRange     '3.9.5',
24 silly addNameRange     '3.9.6',
24 silly addNameRange     '3.10.0',
24 silly addNameRange     '2.15.7',
24 silly addNameRange     '3.10.1',
24 silly addNameRange     '2.15.8',
24 silly addNameRange     '3.10.2',
24 silly addNameRange     '3.10.3',
24 silly addNameRange     '3.10.4',
24 silly addNameRange     '2.15.9',
24 silly addNameRange     '3.10.5',
24 silly addNameRange     '3.10.6',
24 silly addNameRange     '3.10.7',
24 silly addNameRange     '2.15.10',
24 silly addNameRange     '3.10.8',
24 silly addNameRange     '2.15.11',
24 silly addNameRange     '3.10.9',
24 silly addNameRange     '4.0.0',
24 silly addNameRange     '4.0.1',
24 silly addNameRange     '4.0.2',
24 silly addNameRange     '3.10.10',
24 silly addNameRange     '4.0.3',
24 silly addNameRange     '4.0.5',
24 silly addNameRange     '4.1.0',
24 silly addNameRange     '4.1.1',
24 silly addNameRange     '4.1.2',
24 silly addNameRange     '4.2.0',
24 silly addNameRange     '4.3.0',
24 silly addNameRange     '4.4.0',
24 silly addNameRange     '4.4.1',
24 silly addNameRange     '4.4.2',
24 silly addNameRange     '4.4.3',
24 silly addNameRange     '4.4.4',
24 silly addNameRange     '4.5.0',
24 silly addNameRange     '2.15.12',
24 silly addNameRange     '4.6.0',
24 silly addNameRange     '4.6.1',
24 silly addNameRange     '5.0.0',
24 silly addNameRange     '5.0.1',
24 silly addNameRange     '5.0.2',
24 silly addNameRange     '5.0.3',
24 silly addNameRange     '5.0.4',
24 silly addNameRange     '5.1.0',
24 silly addNameRange     '5.2.0',
24 silly addNameRange     '5.3.0',
24 silly addNameRange     '5.4.0',
24 silly addNameRange     '5.4.1',
24 silly addNameRange     '5.4.2' ] ]
25 verbose addNamed [ 'npm', '5.4.2' ]
26 verbose addNamed [ '5.4.2', '5.4.2' ]
27 silly lockFile c443e4e8-npm-5-4-2 npm@5.4.2
28 verbose lock npm@5.4.2 /home/ammorteza/.npm/c443e4e8-npm-5-4-2.lock
29 silly lockFile 6029f956-stry-npmjs-org-npm-npm-5-4-2-tgz https://registry.npmjs.org/npm/-/npm-5.4.2.tgz
30 verbose lock https://registry.npmjs.org/npm/-/npm-5.4.2.tgz /home/ammorteza/.npm/6029f956-stry-npmjs-org-npm-npm-5-4-2-tgz.lock
31 verbose addRemoteTarball [ 'https://registry.npmjs.org/npm/-/npm-5.4.2.tgz',
31 verbose addRemoteTarball   '830b5cabb5f735264e7cc39b2163b90854b2eaa8' ]
32 silly lockFile 6029f956-stry-npmjs-org-npm-npm-5-4-2-tgz https://registry.npmjs.org/npm/-/npm-5.4.2.tgz
33 silly lockFile 6029f956-stry-npmjs-org-npm-npm-5-4-2-tgz https://registry.npmjs.org/npm/-/npm-5.4.2.tgz
34 silly lockFile c443e4e8-npm-5-4-2 npm@5.4.2
35 silly lockFile c443e4e8-npm-5-4-2 npm@5.4.2
36 silly lockFile 2f990b75-npm npm@
37 silly lockFile 2f990b75-npm npm@
38 error Error: EACCES, mkdir '/home/ammorteza/tmp/npm-8582-GFyH1W87'
38 error  { [Error: EACCES, mkdir '/home/ammorteza/tmp/npm-8582-GFyH1W87']
38 error   errno: 3,
38 error   code: 'EACCES',
38 error   path: '/home/ammorteza/tmp/npm-8582-GFyH1W87' }
39 error Please try running this command again as root/Administrator.
40 error System Linux 3.19.0-47-generic
41 error command "/usr/bin/nodejs" "/usr/bin/npm" "install" "-g" "npm"
42 error cwd /opt/lampp/htdocs/IFAB_AdministratorSystem
43 error node -v v0.10.25
44 error npm -v 1.3.10
45 error path /home/ammorteza/tmp/npm-8582-GFyH1W87
46 error code EACCES
47 error errno 3
48 error stack Error: EACCES, mkdir '/home/ammorteza/tmp/npm-8582-GFyH1W87'
49 verbose exit [ 3, true ]
